Arguments: 
  /usr/local/bin/node /usr/local/bin/yarn add color-thief

PATH: 
  /home/ssudo/Downloads/ctf-tools/bin:/home/ssudo/.local/bin:/usr/local/sbin:/usr/local/bin:/usr/sbin:/usr/bin:/sbin:/bin:/usr/games:/usr/local/games:/snap/bin:/snap/bin

Yarn version: 
  1.22.19

Node version: 
  16.16.0

Platform: 
  linux x64

Trace: 
  Error: EACCES: permission denied, scandir '/home/ssudo/Downloads/up3/myits/node_modules/puppeteer/.local-chromium/linux-706915/chrome-linux/extensions'

npm manifest: 
  {
    "dependencies": {
      "axios": "^0.27.2",
      "cheerio": "^1.0.0-rc.12",
      "csvtojson": "^2.0.10",
      "fs": "^0.0.1-security",
      "got": "^12.5.2",
      "json2csv": "^5.0.7",
      "puppeteer": "2.0.0",
      "puppeteer-extra": "^3.3.4",
      "puppeteer-extra-plugin-stealth": "^2.11.1",
      "shelljs": "^0.8.5",
      "smart-array-filter": "^4.0.0"
    }
  }

yarn manifest: 
  No manifest

Lockfile: 
  # THIS IS AN AUTOGENERATED FILE. DO NOT EDIT THIS FILE DIRECTLY.
  # yarn lockfile v1
  
  
  "@sindresorhus/is@^5.2.0":
    "integrity" "sha512-CX6t4SYQ37lzxicAqsBtxA3OseeoVrh9cSJ5PFYam0GksYlupRfy1A+Q4aYD3zvcfECLc0zO2u+ZnR2UYKvCrw=="
    "resolved" "https://registry.npmjs.org/@sindresorhus/is/-/is-5.3.0.tgz"
    "version" "5.3.0"
  
  "@szmarczak/http-timer@^5.0.1":
    "integrity" "sha512-+PmQX0PiAYPMeVYe237LJAYvOMYW1j2rH5YROyS3b4CTVJum34HfRvKvAzozHAQG0TnHNdUfY9nCeUyRAs//cw=="
    "resolved" "https://registry.npmjs.org/@szmarczak/http-timer/-/http-timer-5.0.1.tgz"
    "version" "5.0.1"
    dependencies:
      "defer-to-connect" "^2.0.1"
  
  "@types/debug@^4.1.0":
    "integrity" "sha512-9AonUzyTjXXhEOa0DnqpzZi6VHlqKMswga9EXjpXnnqxwLtdvPPtlO8evrI5D9S6asFRCQ6v+wpiUKbw+vKqyg=="
    "resolved" "https://registry.npmjs.org/@types/debug/-/debug-4.1.7.tgz"
    "version" "4.1.7"
    dependencies:
      "@types/ms" "*"
  
  "@types/http-cache-semantics@^4.0.1":
    "integrity" "sha512-SZs7ekbP8CN0txVG2xVRH6EgKmEm31BOxA07vkFaETzZz1xh+cbt8BcI0slpymvwhx5dlFnQG2rTlPVQn+iRPQ=="
    "resolved" "https://registry.npmjs.org/@types/http-cache-semantics/-/http-cache-semantics-4.0.1.tgz"
    "version" "4.0.1"
  
  "@types/ms@*":
    "integrity" "sha512-iiUgKzV9AuaEkZqkOLDIvlQiL6ltuZd9tGcW3gwpnX8JbuiuhFlEGmmFXEXkN50Cvq7Os88IY2v0dkDqXYWVgA=="
    "resolved" "https://registry.npmjs.org/@types/ms/-/ms-0.7.31.tgz"
    "version" "0.7.31"
  
  "agent-base@^4.3.0":
    "integrity" "sha512-salcGninV0nPrwpGNn4VTXBb1SOuXQBiqbrNXoeizJsHrsL6ERFM2Ne3JUSBWRE6aeNJI2ROP/WEEIDUiDe3cg=="
    "resolved" "https://registry.npmjs.org/agent-base/-/agent-base-4.3.0.tgz"
    "version" "4.3.0"
    dependencies:
      "es6-promisify" "^5.0.0"
  
  "arr-union@^3.1.0":
    "integrity" "sha512-sKpyeERZ02v1FeCZT8lrfJq5u6goHCtpTAzPwJYe7c8SPFOboNjNg1vz2L4VTn9T4PQxEx13TbXLmYUcS6Ug7Q=="
    "resolved" "https://registry.npmjs.org/arr-union/-/arr-union-3.1.0.tgz"
    "version" "3.1.0"
  
  "async-limiter@~1.0.0":
    "integrity" "sha512-csOlWGAcRFJaI6m+F2WKdnMKr4HhdhFVBk0H/QbJFMCr+uO2kwohwXQPxw/9OCxp05r5ghVBFSyioixx3gfkNQ=="
    "resolved" "https://registry.npmjs.org/async-limiter/-/async-limiter-1.0.1.tgz"
    "version" "1.0.1"
  
  "asynckit@^0.4.0":
    "integrity" "sha512-Oei9OH4tRh0YqU3GxhX79dM/mwVgvbZJaSNaRk+bshkj0S5cfHcgYakreBjrHwatXKbz+IoIdYLxrKim2MjW0Q=="
    "resolved" "https://registry.npmjs.org/asynckit/-/asynckit-0.4.0.tgz"
    "version" "0.4.0"
  
  "axios@^0.27.2":
    "integrity" "sha512-t+yRIyySRTp/wua5xEr+z1q60QmLq8ABsS5O9Me1AsE5dfKqgnCFzwiCZZ/cGNd1lq4/7akDWMxdhVlucjmnOQ=="
    "resolved" "https://registry.npmjs.org/axios/-/axios-0.27.2.tgz"
    "version" "0.27.2"
    dependencies:
      "follow-redirects" "^1.14.9"
      "form-data" "^4.0.0"
  
  "balanced-match@^1.0.0":
    "integrity" "sha512-3oSeUO0TMV67hN1AmbXsK4yaqU7tjiHlbxRDZOpH0KW9+CeX4bRAaX0Anxt0tx2MrpRpWwQaPwIlISEJhYU5Pw=="
    "resolved" "https://registry.npmjs.org/balanced-match/-/balanced-match-1.0.2.tgz"
    "version" "1.0.2"
  
  "bluebird@^3.5.1":
    "integrity" "sha512-XpNj6GDQzdfW+r2Wnn7xiSAd7TM3jzkxGXBGTtWKuSXv1xUV+azxAm8jdWZN06QTQk+2N2XB9jRDkvbmQmcRtg=="
    "resolved" "https://registry.npmjs.org/bluebird/-/bluebird-3.7.2.tgz"
    "version" "3.7.2"
  
  "boolbase@^1.0.0":
    "integrity" "sha512-JZOSA7Mo9sNGB8+UjSgzdLtokWAky1zbztM3WRLCbZ70/3cTANmQmOdR7y2g+J0e2WXywy1yS468tY+IruqEww=="
    "resolved" "https://registry.npmjs.org/boolbase/-/boolbase-1.0.0.tgz"
    "version" "1.0.0"
  
  "brace-expansion@^1.1.7":
    "integrity" "sha512-iCuPHDFgrHX7H2vEI/5xpz07zSHB00TpugqhmYtVmMO6518mCuRMoOYFldEBl0g187ufozdaHgWKcYFb61qGiA=="
    "resolved" "https://registry.npmjs.org/brace-expansion/-/brace-expansion-1.1.11.tgz"
    "version" "1.1.11"
    dependencies:
      "balanced-match" "^1.0.0"
      "concat-map" "0.0.1"
  
  "buffer-crc32@~0.2.3":
    "integrity" "sha512-VO9Ht/+p3SN7SKWqcrgEzjGbRSJYTx+Q1pTQC0wrWqHx0vpJraQ6GtHx8tvcg1rlK1byhU5gccxgOgj7B0TDkQ=="
    "resolved" "https://registry.npmjs.org/buffer-crc32/-/buffer-crc32-0.2.13.tgz"
    "version" "0.2.13"
  
  "buffer-from@^1.0.0":
    "integrity" "sha512-E+XQCRwSbaaiChtv6k6Dwgc+bx+Bs6vuKJHHl5kox/BaKbhiXzqQOwK4cO22yElGp2OCmjwVhT3HmxgyPGnJfQ=="
    "resolved" "https://registry.npmjs.org/buffer-from/-/buffer-from-1.1.2.tgz"
    "version" "1.1.2"
  
  "cacheable-lookup@^7.0.0":
    "integrity" "sha512-+qJyx4xiKra8mZrcwhjMRMUhD5NR1R8esPkzIYxX96JiecFoxAXFuz/GpR3+ev4PE1WamHip78wV0vcmPQtp8w=="
    "resolved" "https://registry.npmjs.org/cacheable-lookup/-/cacheable-lookup-7.0.0.tgz"
    "version" "7.0.0"
  
  "cacheable-request@^10.2.1":
    "integrity" "sha512-3tLJyBjGuXw1s5gpKFSG3iS4kaKT4id04dZi98wzHQp/8cqZNweBnrF9J+rrlvrf4M53OdtDGNctNHFias8BEA=="
    "resolved" "https://registry.npmjs.org/cacheable-request/-/cacheable-request-10.2.1.tgz"
    "version" "10.2.1"
    dependencies:
      "@types/http-cache-semantics" "^4.0.1"
      "get-stream" "^6.0.1"
      "http-cache-semantics" "^4.1.0"
      "keyv" "^4.5.0"
      "mimic-response" "^4.0.0"
      "normalize-url" "^7.1.0"
      "responselike" "^3.0.0"
  
  "cheerio-select@^2.1.0":
    "integrity" "sha512-9v9kG0LvzrlcungtnJtpGNxY+fzECQKhK4EGJX2vByejiMX84MFNQw4UxPJl3bFbTMw+Dfs37XaIkCwTZfLh4g=="
    "resolved" "https://registry.npmjs.org/cheerio-select/-/cheerio-select-2.1.0.tgz"
    "version" "2.1.0"
    dependencies:
      "boolbase" "^1.0.0"
      "css-select" "^5.1.0"
      "css-what" "^6.1.0"
      "domelementtype" "^2.3.0"
      "domhandler" "^5.0.3"
      "domutils" "^3.0.1"
  
  "cheerio@^1.0.0-rc.12":
    "integrity" "sha512-VqR8m68vM46BNnuZ5NtnGBKIE/DfN0cRIzg9n40EIq9NOv90ayxLBXA8fXC5gquFRGJSTRqBq25Jt2ECLR431Q=="
    "resolved" "https://registry.npmjs.org/cheerio/-/cheerio-1.0.0-rc.12.tgz"
    "version" "1.0.0-rc.12"
    dependencies:
      "cheerio-select" "^2.1.0"
      "dom-serializer" "^2.0.0"
      "domhandler" "^5.0.3"
      "domutils" "^3.0.1"
      "htmlparser2" "^8.0.1"
      "parse5" "^7.0.0"
      "parse5-htmlparser2-tree-adapter" "^7.0.0"
  
  "clone-deep@^0.2.4":
    "integrity" "sha512-we+NuQo2DHhSl+DP6jlUiAhyAjBQrYnpOk15rN6c6JSPScjiCLh8IbSU+VTcph6YS3o7mASE8a0+gbZ7ChLpgg=="
    "resolved" "https://registry.npmjs.org/clone-deep/-/clone-deep-0.2.4.tgz"
    "version" "0.2.4"
    dependencies:
      "for-own" "^0.1.3"
      "is-plain-object" "^2.0.1"
      "kind-of" "^3.0.2"
      "lazy-cache" "^1.0.3"
      "shallow-clone" "^0.1.2"
  
  "combined-stream@^1.0.8":
    "integrity" "sha512-FQN4MRfuJeHf7cBbBMJFXhKSDq+2kAArBlmRBvcvFE5BB1HZKXtSFASDhdlz9zOYwxh8lDdnvmMOe/+5cdoEdg=="
    "resolved" "https://registry.npmjs.org/combined-stream/-/combined-stream-1.0.8.tgz"
    "version" "1.0.8"
    dependencies:
      "delayed-stream" "~1.0.0"
  
  "commander@^6.1.0":
    "integrity" "sha512-U7VdrJFnJgo4xjrHpTzu0yrHPGImdsmD95ZlgYSEajAn2JKzDhDTPG9kBTefmObL2w/ngeZnilk+OV9CG3d7UA=="
    "resolved" "https://registry.npmjs.org/commander/-/commander-6.2.1.tgz"
    "version" "6.2.1"
  
  "concat-map@0.0.1":
    "integrity" "sha512-/Srv4dswyQNBfohGpz9o6Yb3Gz3SrUDqBH5rTuhGR7ahtlbYKnVxw2bCFMRljaA7EXHaXZ8wsHdodFvbkhKmqg=="
    "resolved" "https://registry.npmjs.org/concat-map/-/concat-map-0.0.1.tgz"
    "version" "0.0.1"
  
  "concat-stream@^1.6.2":
    "integrity" "sha512-27HBghJxjiZtIk3Ycvn/4kbJk/1uZuJFfuPEns6LaEvpvG1f0hTea8lilrouyo9mVc2GWdcEZ8OLoGmSADlrCw=="
    "resolved" "https://registry.npmjs.org/concat-stream/-/concat-stream-1.6.2.tgz"
    "version" "1.6.2"
    dependencies:
      "buffer-from" "^1.0.0"
      "inherits" "^2.0.3"
      "readable-stream" "^2.2.2"
      "typedarray" "^0.0.6"
  
  "core-util-is@~1.0.0":
    "integrity" "sha512-ZQBvi1DcpJ4GDqanjucZ2Hj3wEO5pZDS89BWbkcrvdxksJorwUDDZamX9ldFkp9aw2lmBDLgkObEA4DWNJ9FYQ=="
    "resolved" "https://registry.npmjs.org/core-util-is/-/core-util-is-1.0.3.tgz"
    "version" "1.0.3"
  
  "css-select@^5.1.0":
    "integrity" "sha512-nwoRF1rvRRnnCqqY7updORDsuqKzqYJ28+oSMaJMMgOauh3fvwHqMS7EZpIPqK8GL+g9mKxF1vP/ZjSeNjEVHg=="
    "resolved" "https://registry.npmjs.org/css-select/-/css-select-5.1.0.tgz"
    "version" "5.1.0"
    dependencies:
      "boolbase" "^1.0.0"
      "css-what" "^6.1.0"
      "domhandler" "^5.0.2"
      "domutils" "^3.0.1"
      "nth-check" "^2.0.1"
  
  "css-what@^6.1.0":
    "integrity" "sha512-HTUrgRJ7r4dsZKU6GjmpfRK1O76h97Z8MfS1G0FozR+oF2kG6Vfe8JE6zwrkbxigziPHinCJ+gCPjA9EaBDtRw=="
    "resolved" "https://registry.npmjs.org/css-what/-/css-what-6.1.0.tgz"
    "version" "6.1.0"
  
  "csvtojson@^2.0.10":
    "integrity" "sha512-lUWFxGKyhraKCW8Qghz6Z0f2l/PqB1W3AO0HKJzGIQ5JRSlR651ekJDiGJbBT4sRNNv5ddnSGVEnsxP9XRCVpQ=="
    "resolved" "https://registry.npmjs.org/csvtojson/-/csvtojson-2.0.10.tgz"
    "version" "2.0.10"
    dependencies:
      "bluebird" "^3.5.1"
      "lodash" "^4.17.3"
      "strip-bom" "^2.0.0"
  
  "debug@^2.6.9":
    "integrity" "sha512-bC7ElrdJaJnPbAP+1EotYvqZsb3ecl5wi6Bfi6BJTUcNowp6cvspg0jXznRTKDjm/E7AdgFBVeAPVMNcKGsHMA=="
    "resolved" "https://registry.npmjs.org/debug/-/debug-2.6.9.tgz"
    "version" "2.6.9"
    dependencies:
      "ms" "2.0.0"
  
  "debug@^3.1.0":
    "integrity" "sha512-CFjzYYAi4ThfiQvizrFQevTTXHtnCqWfe7x1AhgEscTz6ZbLbfoLRLPugTQyBth6f8ZERVUSyWHFD/7Wu4t1XQ=="
    "resolved" "https://registry.npmjs.org/debug/-/debug-3.2.7.tgz"
    "version" "3.2.7"
    dependencies:
      "ms" "^2.1.1"
  
  "debug@^4.1.0", "debug@^4.1.1":
    "integrity" "sha512-PRWFHuSU3eDtQJPvnNY7Jcket1j0t5OuOsFzPPzsekD52Zl8qUfFIPEiswXqIvHWGVHOgX+7G/vCNNhehwxfkQ=="
    "resolved" "https://registry.npmjs.org/debug/-/debug-4.3.4.tgz"
    "version" "4.3.4"
    dependencies:
      "ms" "2.1.2"
  
  "decompress-response@^6.0.0":
    "integrity" "sha512-aW35yZM6Bb/4oJlZncMH2LCoZtJXTRxES17vE3hoRiowU2kWHaJKFkSBDnDR+cm9J+9QhXmREyIfv0pji9ejCQ=="
    "resolved" "https://registry.npmjs.org/decompress-response/-/decompress-response-6.0.0.tgz"
    "version" "6.0.0"
    dependencies:
      "mimic-response" "^3.1.0"
  
  "deepmerge@^4.2.2":
    "integrity" "sha512-FJ3UgI4gIl+PHZm53knsuSFpE+nESMr7M4v9QcgB7S63Kj/6WqMiFQJpBBYz1Pt+66bZpP3Q7Lye0Oo9MPKEdg=="
    "resolved" "https://registry.npmjs.org/deepmerge/-/deepmerge-4.2.2.tgz"
    "version" "4.2.2"
  
  "defer-to-connect@^2.0.1":
    "integrity" "sha512-4tvttepXG1VaYGrRibk5EwJd1t4udunSOVMdLSAL6mId1ix438oPwPZMALY41FCijukO1L0twNcGsdzS7dHgDg=="
    "resolved" "https://registry.npmjs.org/defer-to-connect/-/defer-to-connect-2.0.1.tgz"
    "version" "2.0.1"
  
  "delayed-stream@~1.0.0":
    "integrity" "sha512-ZySD7Nf91aLB0RxL4KGrKHBXl7Eds1DAmEdcoVawXnLD7SDhpNgtuII2aAkg7a7QS41jxPSZ17p4VdGnMHk3MQ=="
    "resolved" "https://registry.npmjs.org/delayed-stream/-/delayed-stream-1.0.0.tgz"
    "version" "1.0.0"
  
  "dom-serializer@^2.0.0":
    "integrity" "sha512-wIkAryiqt/nV5EQKqQpo3SToSOV9J0DnbJqwK7Wv/Trc92zIAYZ4FlMu+JPFW1DfGFt81ZTCGgDEabffXeLyJg=="
    "resolved" "https://registry.npmjs.org/dom-serializer/-/dom-serializer-2.0.0.tgz"
    "version" "2.0.0"
    dependencies:
      "domelementtype" "^2.3.0"
      "domhandler" "^5.0.2"
      "entities" "^4.2.0"
  
  "domelementtype@^2.3.0":
    "integrity" "sha512-OLETBj6w0OsagBwdXnPdN0cnMfF9opN69co+7ZrbfPGrdpPVNBUj02spi6B1N7wChLQiPn4CSH/zJvXw56gmHw=="
    "resolved" "https://registry.npmjs.org/domelementtype/-/domelementtype-2.3.0.tgz"
    "version" "2.3.0"
  
  "domhandler@^5.0.1", "domhandler@^5.0.2", "domhandler@^5.0.3":
    "integrity" "sha512-cgwlv/1iFQiFnU96XXgROh8xTeetsnJiDsTc7TYCLFd9+/WNkIqPTxiM/8pSd8VIrhXGTf1Ny1q1hquVqDJB5w=="
    "resolved" "https://registry.npmjs.org/domhandler/-/domhandler-5.0.3.tgz"
    "version" "5.0.3"
    dependencies:
      "domelementtype" "^2.3.0"
  
  "domutils@^3.0.1":
    "integrity" "sha512-z08c1l761iKhDFtfXO04C7kTdPBLi41zwOZl00WS8b5eiaebNpY00HKbztwBq+e3vyqWNwWF3mP9YLUeqIrF+Q=="
    "resolved" "https://registry.npmjs.org/domutils/-/domutils-3.0.1.tgz"
    "version" "3.0.1"
    dependencies:
      "dom-serializer" "^2.0.0"
      "domelementtype" "^2.3.0"
      "domhandler" "^5.0.1"
  
  "entities@^4.2.0", "entities@^4.3.0", "entities@^4.4.0":
    "integrity" "sha512-oYp7156SP8LkeGD0GF85ad1X9Ai79WtRsZ2gxJqtBuzH+98YUV6jkHEKlZkMbcrjJjIVJNIDP/3WL9wQkoPbWA=="
    "resolved" "https://registry.npmjs.org/entities/-/entities-4.4.0.tgz"
    "version" "4.4.0"
  
  "es6-promise@^4.0.3":
    "integrity" "sha512-HJDGx5daxeIvxdBxvG2cb9g4tEvwIk3i8+nhX0yGrYmZUzbkdg8QbDevheDB8gd0//uPj4c1EQua8Q+MViT0/w=="
    "resolved" "https://registry.npmjs.org/es6-promise/-/es6-promise-4.2.8.tgz"
    "version" "4.2.8"
  
  "es6-promisify@^5.0.0":
    "integrity" "sha512-C+d6UdsYDk0lMebHNR4S2NybQMMngAOnOwYBQjTOiv0MkoJMP0Myw2mgpDLBcpfCmRLxyFqYhS/CfOENq4SJhQ=="
    "resolved" "https://registry.npmjs.org/es6-promisify/-/es6-promisify-5.0.0.tgz"
    "version" "5.0.0"
    dependencies:
      "es6-promise" "^4.0.3"
  
  "extract-zip@^1.6.6":
    "integrity" "sha512-xoh5G1W/PB0/27lXgMQyIhP5DSY/LhoCsOyZgb+6iMmRtCwVBo55uKaMoEYrDCKQhWvqEip5ZPKAc6eFNyf/MA=="
    "resolved" "https://registry.npmjs.org/extract-zip/-/extract-zip-1.7.0.tgz"
    "version" "1.7.0"
    dependencies:
      "concat-stream" "^1.6.2"
      "debug" "^2.6.9"
      "mkdirp" "^0.5.4"
      "yauzl" "^2.10.0"
  
  "fd-slicer@~1.1.0":
    "integrity" "sha512-cE1qsB/VwyQozZ+q1dGxR8LBYNZeofhEdUNGSMbQD3Gw2lAzX9Zb3uIU6Ebc/Fmyjo9AWWfnn0AUCHqtevs/8g=="
    "resolved" "https://registry.npmjs.org/fd-slicer/-/fd-slicer-1.1.0.tgz"
    "version" "1.1.0"
    dependencies:
      "pend" "~1.2.0"
  
  "follow-redirects@^1.14.9":
    "integrity" "sha512-yLAMQs+k0b2m7cVxpS1VKJVvoz7SS9Td1zss3XRwXj+ZDH00RJgnuLx7E44wx02kQLrdM3aOOy+FpzS7+8OizA=="
    "resolved" "https://registry.npmjs.org/follow-redirects/-/follow-redirects-1.15.1.tgz"
    "version" "1.15.1"
  
  "for-in@^0.1.3":
    "integrity" "sha512-F0to7vbBSHP8E3l6dCjxNOLuSFAACIxFy3UehTUlG7svlXi37HHsDkyVcHo0Pq8QwrE+pXvWSVX3ZT1T9wAZ9g=="
    "resolved" "https://registry.npmjs.org/for-in/-/for-in-0.1.8.tgz"
    "version" "0.1.8"
  
  "for-in@^1.0.1":
    "integrity" "sha512-7EwmXrOjyL+ChxMhmG5lnW9MPt1aIeZEwKhQzoBUdTV0N3zuwWDZYVJatDvZ2OyzPUvdIAZDsCetk3coyMfcnQ=="
    "resolved" "https://registry.npmjs.org/for-in/-/for-in-1.0.2.tgz"
    "version" "1.0.2"
  
  "for-own@^0.1.3":
    "integrity" "sha512-SKmowqGTJoPzLO1T0BBJpkfp3EMacCMOuH40hOUbrbzElVktk4DioXVM99QkLCyKoiuOmyjgcWMpVz2xjE7LZw=="
    "resolved" "https://registry.npmjs.org/for-own/-/for-own-0.1.5.tgz"
    "version" "0.1.5"
    dependencies:
      "for-in" "^1.0.1"
  
  "form-data-encoder@^2.1.2":
    "integrity" "sha512-KqU0nnPMgIJcCOFTNJFEA8epcseEaoox4XZffTgy8jlI6pL/5EFyR54NRG7CnCJN0biY7q52DO3MH6/sJ/TKlQ=="
    "resolved" "https://registry.npmjs.org/form-data-encoder/-/form-data-encoder-2.1.3.tgz"
    "version" "2.1.3"
  
  "form-data@^4.0.0":
    "integrity" "sha512-ETEklSGi5t0QMZuiXoA/Q6vcnxcLQP5vdugSpuAyi6SVGi2clPPp+xgEhuMaHC+zGgn31Kd235W35f7Hykkaww=="
    "resolved" "https://registry.npmjs.org/form-data/-/form-data-4.0.0.tgz"
    "version" "4.0.0"
    dependencies:
      "asynckit" "^0.4.0"
      "combined-stream" "^1.0.8"
      "mime-types" "^2.1.12"
  
  "fs-extra@^10.0.0":
    "integrity" "sha512-oRXApq54ETRj4eMiFzGnHWGy+zo5raudjuxN0b8H7s/RU2oW0Wvsx9O0ACRN/kRq9E8Vu/ReskGB5o3ji+FzHQ=="
    "resolved" "https://registry.npmjs.org/fs-extra/-/fs-extra-10.1.0.tgz"
    "version" "10.1.0"
    dependencies:
      "graceful-fs" "^4.2.0"
      "jsonfile" "^6.0.1"
      "universalify" "^2.0.0"
  
  "fs.realpath@^1.0.0":
    "integrity" "sha512-OO0pH2lK6a0hZnAdau5ItzHPI6pUlvI7jMVnxUQRtw4owF2wk8lOSabtGDCTP4Ggrg2MbGnWO9X8K1t4+fGMDw=="
    "resolved" "https://registry.npmjs.org/fs.realpath/-/fs.realpath-1.0.0.tgz"
    "version" "1.0.0"
  
  "fs@^0.0.1-security":
    "integrity" "sha512-3XY9e1pP0CVEUCdj5BmfIZxRBTSDycnbqhIOGec9QYtmVH2fbLpj86CFWkrNOkt/Fvty4KZG5lTglL9j/gJ87w=="
    "resolved" "https://registry.npmjs.org/fs/-/fs-0.0.1-security.tgz"
    "version" "0.0.1-security"
  
  "function-bind@^1.1.1":
    "integrity" "sha512-yIovAzMX49sF8Yl58fSCWJ5svSLuaibPxXQJFLmBObTuCr0Mf1KiPopGM9NiFjiYBCbfaa2Fh6breQ6ANVTI0A=="
    "resolved" "https://registry.npmjs.org/function-bind/-/function-bind-1.1.1.tgz"
    "version" "1.1.1"
  
  "get-stream@^6.0.1":
    "integrity" "sha512-ts6Wi+2j3jQjqi70w5AlN8DFnkSwC+MqmxEzdEALB2qXZYV3X/b1CTfgPLGJNMeAWxdPfU8FO1ms3NUfaHCPYg=="
    "resolved" "https://registry.npmjs.org/get-stream/-/get-stream-6.0.1.tgz"
    "version" "6.0.1"
  
  "glob@^7.0.0", "glob@^7.1.3":
    "integrity" "sha512-nFR0zLpU2YCaRxwoCJvL6UvCH2JFyFVIvwTLsIf21AuHlMskA1hhTdk+LlYJtOlYt9v6dvszD2BGRqBL+iQK9Q=="
    "resolved" "https://registry.npmjs.org/glob/-/glob-7.2.3.tgz"
    "version" "7.2.3"
    dependencies:
      "fs.realpath" "^1.0.0"
      "inflight" "^1.0.4"
      "inherits" "2"
      "minimatch" "^3.1.1"
      "once" "^1.3.0"
      "path-is-absolute" "^1.0.0"
  
  "got@^12.5.2":
    "integrity" "sha512-guHGMSEcsA5m1oPRweXUJnug0vuvlkX9wx5hzOka+ZBrBUOJHU0Z1JcNu3QE5IPGnA5aXUsQHdWOD4eJg9/v3A=="
    "resolved" "https://registry.npmjs.org/got/-/got-12.5.2.tgz"
    "version" "12.5.2"
    dependencies:
      "@sindresorhus/is" "^5.2.0"
      "@szmarczak/http-timer" "^5.0.1"
      "cacheable-lookup" "^7.0.0"
      "cacheable-request" "^10.2.1"
      "decompress-response" "^6.0.0"
      "form-data-encoder" "^2.1.2"
      "get-stream" "^6.0.1"
      "http2-wrapper" "^2.1.10"
      "lowercase-keys" "^3.0.0"
      "p-cancelable" "^3.0.0"
      "responselike" "^3.0.0"
  
  "graceful-fs@^4.1.6", "graceful-fs@^4.2.0":
    "integrity" "sha512-9ByhssR2fPVsNZj478qUUbKfmL0+t5BDVyjShtyZZLiK7ZDAArFFfopyOTj0M05wE2tJPisA4iTnnXl2YoPvOA=="
    "resolved" "https://registry.npmjs.org/graceful-fs/-/graceful-fs-4.2.10.tgz"
    "version" "4.2.10"
  
  "has@^1.0.3":
    "integrity" "sha512-f2dvO0VU6Oej7RkWJGrehjbzMAjFp5/VKPp5tTpWIV4JHHZK1/BxbFRtf/siA2SWTe09caDmVtYYzWEIbBS4zw=="
    "resolved" "https://registry.npmjs.org/has/-/has-1.0.3.tgz"
    "version" "1.0.3"
    dependencies:
      "function-bind" "^1.1.1"
  
  "htmlparser2@^8.0.1":
    "integrity" "sha512-4lVbmc1diZC7GUJQtRQ5yBAeUCL1exyMwmForWkRLnwyzWBFxN633SALPMGYaWZvKe9j1pRZJpauvmxENSp/EA=="
    "resolved" "https://registry.npmjs.org/htmlparser2/-/htmlparser2-8.0.1.tgz"
    "version" "8.0.1"
    dependencies:
      "domelementtype" "^2.3.0"
      "domhandler" "^5.0.2"
      "domutils" "^3.0.1"
      "entities" "^4.3.0"
  
  "http-cache-semantics@^4.1.0":
    "integrity" "sha512-carPklcUh7ROWRK7Cv27RPtdhYhUsela/ue5/jKzjegVvXDqM2ILE9Q2BGn9JZJh1g87cp56su/FgQSzcWS8cQ=="
    "resolved" "https://registry.npmjs.org/http-cache-semantics/-/http-cache-semantics-4.1.0.tgz"
    "version" "4.1.0"
  
  "http2-wrapper@^2.1.10":
    "integrity" "sha512-aNAk5JzLturWEUiuhAN73Jcbq96R7rTitAoXV54FYMatvihnpD2+6PUgU4ce3D/m5VDbw+F5CsyKSF176ptitQ=="
    "resolved" "https://registry.npmjs.org/http2-wrapper/-/http2-wrapper-2.1.11.tgz"
    "version" "2.1.11"
    dependencies:
      "quick-lru" "^5.1.1"
      "resolve-alpn" "^1.2.0"
  
  "https-proxy-agent@^3.0.0":
    "integrity" "sha512-+ML2Rbh6DAuee7d07tYGEKOEi2voWPUGan+ExdPbPW6Z3svq+JCqr0v8WmKPOkz1vOVykPCBSuobe7G8GJUtVg=="
    "resolved" "https://registry.npmjs.org/https-proxy-agent/-/https-proxy-agent-3.0.1.tgz"
    "version" "3.0.1"
    dependencies:
      "agent-base" "^4.3.0"
      "debug" "^3.1.0"
  
  "inflight@^1.0.4":
    "integrity" "sha512-k92I/b08q4wvFscXCLvqfsHCrjrF7yiXsQuIVvVE7N82W3+aqpzuUdBbfhWcy/FZR3/4IgflMgKLOsvPDrGCJA=="
    "resolved" "https://registry.npmjs.org/inflight/-/inflight-1.0.6.tgz"
    "version" "1.0.6"
    dependencies:
      "once" "^1.3.0"
      "wrappy" "1"
  
  "inherits@^2.0.3", "inherits@~2.0.3", "inherits@2":
    "integrity" "sha512-k/vGaX4/Yla3WzyMCvTQOXYeIHvqOKtnqBduzTHpzpQZzAskKMhZ2K+EnBiSM9zGSoIFeMpXKxa4dYeZIQqewQ=="
    "resolved" "https://registry.npmjs.org/inherits/-/inherits-2.0.4.tgz"
    "version" "2.0.4"
  
  "interpret@^1.0.0":
    "integrity" "sha512-agE4QfB2Lkp9uICn7BAqoscw4SZP9kTE2hxiFI3jBPmXJfdqiahTbUuKGsMoN2GtqL9AxhYioAcVvgsb1HvRbA=="
    "resolved" "https://registry.npmjs.org/interpret/-/interpret-1.4.0.tgz"
    "version" "1.4.0"
  
  "is-buffer@^1.0.2", "is-buffer@^1.1.5":
    "integrity" "sha512-NcdALwpXkTm5Zvvbk7owOUSvVvBKDgKP5/ewfXEznmQFfs4ZRmanOeKBTjRVjka3QFoN6XJ+9F3USqfHqTaU5w=="
    "resolved" "https://registry.npmjs.org/is-buffer/-/is-buffer-1.1.6.tgz"
    "version" "1.1.6"
  
  "is-core-module@^2.9.0":
    "integrity" "sha512-RRjxlvLDkD1YJwDbroBHMb+cukurkDWNyHx7D3oNB5x9rb5ogcksMC5wHCadcXoo67gVr/+3GFySh3134zi6rw=="
    "resolved" "https://registry.npmjs.org/is-core-module/-/is-core-module-2.11.0.tgz"
    "version" "2.11.0"
    dependencies:
      "has" "^1.0.3"
  
  "is-extendable@^0.1.1":
    "integrity" "sha512-5BMULNob1vgFX6EjQw5izWDxrecWK9AM72rugNr0TFldMOi0fj6Jk+zeKIt0xGj4cEfQIJth4w3OKWOJ4f+AFw=="
    "resolved" "https://registry.npmjs.org/is-extendable/-/is-extendable-0.1.1.tgz"
    "version" "0.1.1"
  
  "is-plain-object@^2.0.1":
    "integrity" "sha512-h5PpgXkWitc38BBMYawTYMWJHFZJVnBquFE57xFpjB8pJFiF6gZ+bU+WyI/yqXiFR5mdLsgYNaPe8uao6Uv9Og=="
    "resolved" "https://registry.npmjs.org/is-plain-object/-/is-plain-object-2.0.4.tgz"
    "version" "2.0.4"
    dependencies:
      "isobject" "^3.0.1"
  
  "is-utf8@^0.2.0":
    "integrity" "sha512-rMYPYvCzsXywIsldgLaSoPlw5PfoB/ssr7hY4pLfcodrA5M/eArza1a9VmTiNIBNMjOGr1Ow9mTyU2o69U6U9Q=="
    "resolved" "https://registry.npmjs.org/is-utf8/-/is-utf8-0.2.1.tgz"
    "version" "0.2.1"
  
  "isarray@~1.0.0":
    "integrity" "sha512-VLghIWNM6ELQzo7zwmcg0NmTVyWKYjvIeM83yjp0wRDTmUnrM678fQbcKBo6n2CJEF0szoG//ytg+TKla89ALQ=="
    "resolved" "https://registry.npmjs.org/isarray/-/isarray-1.0.0.tgz"
    "version" "1.0.0"
  
  "isobject@^3.0.1":
    "integrity" "sha512-WhB9zCku7EGTj/HQQRz5aUQEUeoQZH2bWcltRErOpymJ4boYE6wL9Tbr23krRPSZ+C5zqNSrSw+Cc7sZZ4b7vg=="
    "resolved" "https://registry.npmjs.org/isobject/-/isobject-3.0.1.tgz"
    "version" "3.0.1"
  
  "json-buffer@3.0.1":
    "integrity" "sha512-4bV5BfR2mqfQTJm+V5tPPdf+ZpuhiIvTuAB5g8kcrXOZpTT/QwwVRWBywX1ozr6lEuPdbHxwaJlm9G6mI2sfSQ=="
    "resolved" "https://registry.npmjs.org/json-buffer/-/json-buffer-3.0.1.tgz"
    "version" "3.0.1"
  
  "json2csv@^5.0.7":
    "integrity" "sha512-YRZbUnyaJZLZUJSRi2G/MqahCyRv9n/ds+4oIetjDF3jWQA7AG7iSeKTiZiCNqtMZM7HDyt0e/W6lEnoGEmMGA=="
    "resolved" "https://registry.npmjs.org/json2csv/-/json2csv-5.0.7.tgz"
    "version" "5.0.7"
    dependencies:
      "commander" "^6.1.0"
      "jsonparse" "^1.3.1"
      "lodash.get" "^4.4.2"
  
  "jsonfile@^6.0.1":
    "integrity" "sha512-5dgndWOriYSm5cnYaJNhalLNDKOqFwyDB/rr1E9ZsGciGvKPs8R2xYGCacuf3z6K1YKDz182fd+fY3cn3pMqXQ=="
    "resolved" "https://registry.npmjs.org/jsonfile/-/jsonfile-6.1.0.tgz"
    "version" "6.1.0"
    dependencies:
      "universalify" "^2.0.0"
    optionalDependencies:
      "graceful-fs" "^4.1.6"
  
  "jsonparse@^1.3.1":
    "integrity" "sha512-POQXvpdL69+CluYsillJ7SUhKvytYjW9vG/GKpnf+xP8UWgYEM/RaMzHHofbALDiKbbP1W8UEYmgGl39WkPZsg=="
    "resolved" "https://registry.npmjs.org/jsonparse/-/jsonparse-1.3.1.tgz"
    "version" "1.3.1"
  
  "keyv@^4.5.0":
    "integrity" "sha512-2YvuMsA+jnFGtBareKqgANOEKe1mk3HKiXu2fRmAfyxG0MJAywNhi5ttWA3PMjl4NmpyjZNbFifR2vNjW1znfA=="
    "resolved" "https://registry.npmjs.org/keyv/-/keyv-4.5.0.tgz"
    "version" "4.5.0"
    dependencies:
      "json-buffer" "3.0.1"
  
  "kind-of@^2.0.1":
    "integrity" "sha512-0u8i1NZ/mg0b+W3MGGw5I7+6Eib2nx72S/QvXa0hYjEkjTknYmEYQJwGu3mLC0BrhtJjtQafTkyRUQ75Kx0LVg=="
    "resolved" "https://registry.npmjs.org/kind-of/-/kind-of-2.0.1.tgz"
    "version" "2.0.1"
    dependencies:
      "is-buffer" "^1.0.2"
  
  "kind-of@^3.0.2":
    "integrity" "sha512-NOW9QQXMoZGg/oqnVNoNTTIFEIid1627WCffUBJEdMxYApq7mNE7CpzucIPc+ZQg25Phej7IJSmX3hO+oblOtQ=="
    "resolved" "https://registry.npmjs.org/kind-of/-/kind-of-3.2.2.tgz"
    "version" "3.2.2"
    dependencies:
      "is-buffer" "^1.1.5"
  
  "lazy-cache@^0.2.3":
    "integrity" "sha512-gkX52wvU/R8DVMMt78ATVPFMJqfW8FPz1GZ1sVHBVQHmu/WvhIWE4cE1GBzhJNFicDeYhnwp6Rl35BcAIM3YOQ=="
    "resolved" "https://registry.npmjs.org/lazy-cache/-/lazy-cache-0.2.7.tgz"
    "version" "0.2.7"
  
  "lazy-cache@^1.0.3":
    "integrity" "sha512-RE2g0b5VGZsOCFOCgP7omTRYFqydmZkBwl5oNnQ1lDYC57uyO9KqNnNVxT7COSHTxrRCWVcAVOcbjk+tvh/rgQ=="
    "resolved" "https://registry.npmjs.org/lazy-cache/-/lazy-cache-1.0.4.tgz"
    "version" "1.0.4"
  
  "lodash.escaperegexp@^4.1.2":
    "integrity" "sha512-TM9YBvyC84ZxE3rgfefxUWiQKLilstD6k7PTGt6wfbtXF8ixIJLOL3VYyV/z+ZiPLsVxAsKAFVwWlWeb2Y8Yyw=="
    "resolved" "https://registry.npmjs.org/lodash.escaperegexp/-/lodash.escaperegexp-4.1.2.tgz"
    "version" "4.1.2"
  
  "lodash.get@^4.4.2":
    "integrity" "sha512-z+Uw/vLuy6gQe8cfaFWD7p0wVv8fJl3mbzXh33RS+0oW2wvUqiRXiQ69gLWSLpgB5/6sU+r6BlQR0MBILadqTQ=="
    "resolved" "https://registry.npmjs.org/lodash.get/-/lodash.get-4.4.2.tgz"
    "version" "4.4.2"
  
  "lodash@^4.17.3":
    "integrity" "sha512-v2kDEe57lecTulaDIuNTPy3Ry4gLGJ6Z1O3vE1krgXZNrsQ+LFTGHVxVjcXPs17LhbZVGedAJv8XZ1tvj5FvSg=="
    "resolved" "https://registry.npmjs.org/lodash/-/lodash-4.17.21.tgz"
    "version" "4.17.21"
  
  "lowercase-keys@^3.0.0":
    "integrity" "sha512-ozCC6gdQ+glXOQsveKD0YsDy8DSQFjDTz4zyzEHNV5+JP5D62LmfDZ6o1cycFx9ouG940M5dE8C8CTewdj2YWQ=="
    "resolved" "https://registry.npmjs.org/lowercase-keys/-/lowercase-keys-3.0.0.tgz"
    "version" "3.0.0"
  
  "merge-deep@^3.0.1":
    "integrity" "sha512-qtmzAS6t6grwEkNrunqTBdn0qKwFgNWvlxUbAV8es9M7Ot1EbyApytCnvE0jALPa46ZpKDUo527kKiaWplmlFA=="
    "resolved" "https://registry.npmjs.org/merge-deep/-/merge-deep-3.0.3.tgz"
    "version" "3.0.3"
    dependencies:
      "arr-union" "^3.1.0"
      "clone-deep" "^0.2.4"
      "kind-of" "^3.0.2"
  
  "mime-db@1.52.0":
    "integrity" "sha512-sPU4uV7dYlvtWJxwwxHD0PuihVNiE7TyAbQ5SWxDCB9mUYvOgroQOwYQQOKPJ8CIbE+1ETVlOoK1UC2nU3gYvg=="
    "resolved" "https://registry.npmjs.org/mime-db/-/mime-db-1.52.0.tgz"
    "version" "1.52.0"
  
  "mime-types@^2.1.12":
    "integrity" "sha512-ZDY+bPm5zTTF+YpCrAU9nK0UgICYPT0QtT1NZWFv4s++TNkcgVaT0g6+4R2uI4MjQjzysHB1zxuWL50hzaeXiw=="
    "resolved" "https://registry.npmjs.org/mime-types/-/mime-types-2.1.35.tgz"
    "version" "2.1.35"
    dependencies:
      "mime-db" "1.52.0"
  
  "mime@^2.0.3":
    "integrity" "sha512-USPkMeET31rOMiarsBNIHZKLGgvKc/LrjofAnBlOttf5ajRvqiRA8QsenbcooctK6d6Ts6aqZXBA+XbkKthiQg=="
    "resolved" "https://registry.npmjs.org/mime/-/mime-2.6.0.tgz"
    "version" "2.6.0"
  
  "mimic-response@^3.1.0":
    "integrity" "sha512-z0yWI+4FDrrweS8Zmt4Ej5HdJmky15+L2e6Wgn3+iK5fWzb6T3fhNFq2+MeTRb064c6Wr4N/wv0DzQTjNzHNGQ=="
    "resolved" "https://registry.npmjs.org/mimic-response/-/mimic-response-3.1.0.tgz"
    "version" "3.1.0"
  
  "mimic-response@^4.0.0":
    "integrity" "sha512-e5ISH9xMYU0DzrT+jl8q2ze9D6eWBto+I8CNpe+VI+K2J/F/k3PdkdTdz4wvGVH4NTpo+NRYTVIuMQEMMcsLqg=="
    "resolved" "https://registry.npmjs.org/mimic-response/-/mimic-response-4.0.0.tgz"
    "version" "4.0.0"
  
  "minimatch@^3.1.1":
    "integrity" "sha512-J7p63hRiAjw1NDEww1W7i37+ByIrOWO5XQQAzZ3VOcL0PNybwpfmV/N05zFAzwQ9USyEcX6t3UO+K5aqBQOIHw=="
    "resolved" "https://registry.npmjs.org/minimatch/-/minimatch-3.1.2.tgz"
    "version" "3.1.2"
    dependencies:
      "brace-expansion" "^1.1.7"
  
  "minimist@^1.2.6":
    "integrity" "sha512-bzfL1YUZsP41gmu/qjrEk0Q6i2ix/cVeAhbCbqH9u3zYutS1cLg00qhrD0M2MVdCcx4Sc0UpP2eBWo9rotpq6g=="
    "resolved" "https://registry.npmjs.org/minimist/-/minimist-1.2.7.tgz"
    "version" "1.2.7"
  
  "mixin-object@^2.0.1":
    "integrity" "sha512-ALGF1Jt9ouehcaXaHhn6t1yGWRqGaHkPFndtFVHfZXOvkIZ/yoGaSi0AHVTafb3ZBGg4dr/bDwnaEKqCXzchMA=="
    "resolved" "https://registry.npmjs.org/mixin-object/-/mixin-object-2.0.1.tgz"
    "version" "2.0.1"
    dependencies:
      "for-in" "^0.1.3"
      "is-extendable" "^0.1.1"
  
  "mkdirp@^0.5.4":
    "integrity" "sha512-FP+p8RB8OWpF3YZBCrP5gtADmtXApB5AMLn+vdyA+PyxCjrCs00mjyUozssO33cwDeT3wNGdLxJ5M//YqtHAJw=="
    "resolved" "https://registry.npmjs.org/mkdirp/-/mkdirp-0.5.6.tgz"
    "version" "0.5.6"
    dependencies:
      "minimist" "^1.2.6"
  
  "ms@^2.1.1", "ms@2.1.2":
    "integrity" "sha512-sGkPx+VjMtmA6MX27oA4FBFELFCZZ4S4XqeGOXCv68tT+jb3vk/RyaKWP0PTKyWtmLSM0b+adUTEvbs1PEaH2w=="
    "resolved" "https://registry.npmjs.org/ms/-/ms-2.1.2.tgz"
    "version" "2.1.2"
  
  "ms@2.0.0":
    "integrity" "sha512-Tpp60P6IUJDTuOq/5Z8cdskzJujfwqfOTkrwIwj7IRISpnkJnT6SyJ4PCPnGMoFjC9ddhal5KVIYtAt97ix05A=="
    "resolved" "https://registry.npmjs.org/ms/-/ms-2.0.0.tgz"
    "version" "2.0.0"
  
  "normalize-url@^7.1.0":
    "integrity" "sha512-uhXOdZry0L6M2UIo9BTt7FdpBDiAGN/7oItedQwPKh8jh31ZlvC8U9Xl/EJ3aijDHaywXTW3QbZ6LuCocur1YA=="
    "resolved" "https://registry.npmjs.org/normalize-url/-/normalize-url-7.2.0.tgz"
    "version" "7.2.0"
  
  "nth-check@^2.0.1":
    "integrity" "sha512-lqjrjmaOoAnWfMmBPL+XNnynZh2+swxiX3WUE0s4yEHI6m+AwrK2UZOimIRl3X/4QctVqS8AiZjFqyOGrMXb/w=="
    "resolved" "https://registry.npmjs.org/nth-check/-/nth-check-2.1.1.tgz"
    "version" "2.1.1"
    dependencies:
      "boolbase" "^1.0.0"
  
  "once@^1.3.0":
    "integrity" "sha512-lNaJgI+2Q5URQBkccEKHTQOPaXdUxnZZElQTZY0MFUAuaEqe1E+Nyvgdz/aIyNi6Z9MzO5dv1H8n58/GELp3+w=="
    "resolved" "https://registry.npmjs.org/once/-/once-1.4.0.tgz"
    "version" "1.4.0"
    dependencies:
      "wrappy" "1"
  
  "p-cancelable@^3.0.0":
    "integrity" "sha512-mlVgR3PGuzlo0MmTdk4cXqXWlwQDLnONTAg6sm62XkMJEiRxN3GL3SffkYvqwonbkJBcrI7Uvv5Zh9yjvn2iUw=="
    "resolved" "https://registry.npmjs.org/p-cancelable/-/p-cancelable-3.0.0.tgz"
    "version" "3.0.0"
  
  "parse5-htmlparser2-tree-adapter@^7.0.0":
    "integrity" "sha512-B77tOZrqqfUfnVcOrUvfdLbz4pu4RopLD/4vmu3HUPswwTA8OH0EMW9BlWR2B0RCoiZRAHEUu7IxeP1Pd1UU+g=="
    "resolved" "https://registry.npmjs.org/parse5-htmlparser2-tree-adapter/-/parse5-htmlparser2-tree-adapter-7.0.0.tgz"
    "version" "7.0.0"
    dependencies:
      "domhandler" "^5.0.2"
      "parse5" "^7.0.0"
  
  "parse5@^7.0.0":
    "integrity" "sha512-kwpuwzB+px5WUg9pyK0IcK/shltJN5/OVhQagxhCQNtT9Y9QRZqNY2e1cmbu/paRh5LMnz/oVTVLBpjFmMZhSg=="
    "resolved" "https://registry.npmjs.org/parse5/-/parse5-7.1.1.tgz"
    "version" "7.1.1"
    dependencies:
      "entities" "^4.4.0"
  
  "path-is-absolute@^1.0.0":
    "integrity" "sha512-AVbw3UJ2e9bq64vSaS9Am0fje1Pa8pbGqTTsmXfaIiMpnr5DlDhfJOuLj9Sf95ZPVDAUerDfEk88MPmPe7UCQg=="
    "resolved" "https://registry.npmjs.org/path-is-absolute/-/path-is-absolute-1.0.1.tgz"
    "version" "1.0.1"
  
  "path-parse@^1.0.7":
    "integrity" "sha512-LDJzPVEEEPR+y48z93A0Ed0yXb8pAByGWo/k5YYdYgpY2/2EsOsksJrq7lOHxryrVOn1ejG6oAp8ahvOIQD8sw=="
    "resolved" "https://registry.npmjs.org/path-parse/-/path-parse-1.0.7.tgz"
    "version" "1.0.7"
  
  "pend@~1.2.0":
    "integrity" "sha512-F3asv42UuXchdzt+xXqfW1OGlVBe+mxa2mqI0pg5yAHZPvFmY3Y6drSf/GQ1A86WgWEN9Kzh/WrgKa6iGcHXLg=="
    "resolved" "https://registry.npmjs.org/pend/-/pend-1.2.0.tgz"
    "version" "1.2.0"
  
  "process-nextick-args@~2.0.0":
    "integrity" "sha512-3ouUOpQhtgrbOa17J7+uxOTpITYWaGP7/AhoR3+A+/1e9skrzelGi/dXzEYyvbxubEF6Wn2ypscTKiKJFFn1ag=="
    "resolved" "https://registry.npmjs.org/process-nextick-args/-/process-nextick-args-2.0.1.tgz"
    "version" "2.0.1"
  
  "progress@^2.0.1":
    "integrity" "sha512-7PiHtLll5LdnKIMw100I+8xJXR5gW2QwWYkT6iJva0bXitZKa/XMrSbdmg3r2Xnaidz9Qumd0VPaMrZlF9V9sA=="
    "resolved" "https://registry.npmjs.org/progress/-/progress-2.0.3.tgz"
    "version" "2.0.3"
  
  "proxy-from-env@^1.0.0":
    "integrity" "sha512-D+zkORCbA9f1tdWRK0RaCR3GPv50cMxcrz4X8k5LTSUD1Dkw47mKJEZQNunItRTkWwgtaUSo1RVFRIG9ZXiFYg=="
    "resolved" "https://registry.npmjs.org/proxy-from-env/-/proxy-from-env-1.1.0.tgz"
    "version" "1.1.0"
  
  "puppeteer-extra-plugin-stealth@^2.11.1":
    "integrity" "sha512-n0wdC0Ilc9tk5L6FWLyd0P2gT8b2fp+2NuB+KB0oTSw3wXaZ0D6WNakjJsayJ4waGzIJFCUHkmK9zgx5NKMoFw=="
    "resolved" "https://registry.npmjs.org/puppeteer-extra-plugin-stealth/-/puppeteer-extra-plugin-stealth-2.11.1.tgz"
    "version" "2.11.1"
    dependencies:
      "debug" "^4.1.1"
      "puppeteer-extra-plugin" "^3.2.2"
      "puppeteer-extra-plugin-user-preferences" "^2.4.0"
  
  "puppeteer-extra-plugin-user-data-dir@^2.4.0":
    "integrity" "sha512-qrhYPTGIqzL2hpeJ5DXjf8xMy5rt1UvcqSgpGTTOUOjIMz1ROWnKHjBoE9fNBJ4+ToRZbP8MzIDXWlEk/e1zJA=="
    "resolved" "https://registry.npmjs.org/puppeteer-extra-plugin-user-data-dir/-/puppeteer-extra-plugin-user-data-dir-2.4.0.tgz"
    "version" "2.4.0"
    dependencies:
      "debug" "^4.1.1"
      "fs-extra" "^10.0.0"
      "puppeteer-extra-plugin" "^3.2.2"
      "rimraf" "^3.0.2"
  
  "puppeteer-extra-plugin-user-preferences@^2.4.0":
    "integrity" "sha512-4XxMhMkJ+qqLsPY9ULF90qS9Bj1Qrwwgp1TY9zTdp1dJuy7QSgYE7xlyamq3cKrRuzg3QUOqygJo52sVeXSg5A=="
    "resolved" "https://registry.npmjs.org/puppeteer-extra-plugin-user-preferences/-/puppeteer-extra-plugin-user-preferences-2.4.0.tgz"
    "version" "2.4.0"
    dependencies:
      "debug" "^4.1.1"
      "deepmerge" "^4.2.2"
      "puppeteer-extra-plugin" "^3.2.2"
      "puppeteer-extra-plugin-user-data-dir" "^2.4.0"
  
  "puppeteer-extra-plugin@^3.2.2":
    "integrity" "sha512-0uatQxzuVn8yegbrEwSk03wvwpMB5jNs7uTTnermylLZzoT+1rmAQaJXwlS3+vADUbw6ELNgNEHC7Skm0RqHbQ=="
    "resolved" "https://registry.npmjs.org/puppeteer-extra-plugin/-/puppeteer-extra-plugin-3.2.2.tgz"
    "version" "3.2.2"
    dependencies:
      "@types/debug" "^4.1.0"
      "debug" "^4.1.1"
      "merge-deep" "^3.0.1"
  
  "puppeteer-extra@*", "puppeteer-extra@^3.3.4":
    "integrity" "sha512-fN5pHvSMJ8d1o7Z8wLLTQOUBpORD2BcFn+KDs7QnkGZs9SV69hcUcce67vX4L4bNSEG3A0P6Osrv+vWNhhdm8w=="
    "resolved" "https://registry.npmjs.org/puppeteer-extra/-/puppeteer-extra-3.3.4.tgz"
    "version" "3.3.4"
    dependencies:
      "@types/debug" "^4.1.0"
      "debug" "^4.1.1"
      "deepmerge" "^4.2.2"
  
  "puppeteer@*", "puppeteer@2.0.0":
    "integrity" "sha512-t3MmTWzQxPRP71teU6l0jX47PHXlc4Z52sQv4LJQSZLq1ttkKS2yGM3gaI57uQwZkNaoGd0+HPPMELZkcyhlqA=="
    "resolved" "https://registry.npmjs.org/puppeteer/-/puppeteer-2.0.0.tgz"
    "version" "2.0.0"
    dependencies:
      "debug" "^4.1.0"
      "extract-zip" "^1.6.6"
      "https-proxy-agent" "^3.0.0"
      "mime" "^2.0.3"
      "progress" "^2.0.1"
      "proxy-from-env" "^1.0.0"
      "rimraf" "^2.6.1"
      "ws" "^6.1.0"
  
  "quick-lru@^5.1.1":
    "integrity" "sha512-WuyALRjWPDGtt/wzJiadO5AXY+8hZ80hVpe6MyivgraREW751X3SbhRvG3eLKOYN+8VEvqLcf3wdnt44Z4S4SA=="
    "resolved" "https://registry.npmjs.org/quick-lru/-/quick-lru-5.1.1.tgz"
    "version" "5.1.1"
  
  "readable-stream@^2.2.2":
    "integrity" "sha512-Ebho8K4jIbHAxnuxi7o42OrZgF/ZTNcsZj6nRKyUmkhLFq8CHItp/fy6hQZuZmP/n3yZ9VBUbp4zz/mX8hmYPw=="
    "resolved" "https://registry.npmjs.org/readable-stream/-/readable-stream-2.3.7.tgz"
    "version" "2.3.7"
    dependencies:
      "core-util-is" "~1.0.0"
      "inherits" "~2.0.3"
      "isarray" "~1.0.0"
      "process-nextick-args" "~2.0.0"
      "safe-buffer" "~5.1.1"
      "string_decoder" "~1.1.1"
      "util-deprecate" "~1.0.1"
  
  "rechoir@^0.6.2":
    "integrity" "sha512-HFM8rkZ+i3zrV+4LQjwQ0W+ez98pApMGM3HUrN04j3CqzPOzl9nmP15Y8YXNm8QHGv/eacOVEjqhmWpkRV0NAw=="
    "resolved" "https://registry.npmjs.org/rechoir/-/rechoir-0.6.2.tgz"
    "version" "0.6.2"
    dependencies:
      "resolve" "^1.1.6"
  
  "resolve-alpn@^1.2.0":
    "integrity" "sha512-0a1F4l73/ZFZOakJnQ3FvkJ2+gSTQWz/r2KE5OdDY0TxPm5h4GkqkWWfM47T7HsbnOtcJVEF4epCVy6u7Q3K+g=="
    "resolved" "https://registry.npmjs.org/resolve-alpn/-/resolve-alpn-1.2.1.tgz"
    "version" "1.2.1"
  
  "resolve@^1.1.6":
    "integrity" "sha512-nBpuuYuY5jFsli/JIs1oldw6fOQCBioohqWZg/2hiaOybXOft4lonv85uDOKXdf8rhyK159cxU5cDcK/NKk8zw=="
    "resolved" "https://registry.npmjs.org/resolve/-/resolve-1.22.1.tgz"
    "version" "1.22.1"
    dependencies:
      "is-core-module" "^2.9.0"
      "path-parse" "^1.0.7"
      "supports-preserve-symlinks-flag" "^1.0.0"
  
  "responselike@^3.0.0":
    "integrity" "sha512-40yHxbNcl2+rzXvZuVkrYohathsSJlMTXKryG5y8uciHv1+xDLHQpgjG64JUO9nrEq2jGLH6IZ8BcZyw3wrweg=="
    "resolved" "https://registry.npmjs.org/responselike/-/responselike-3.0.0.tgz"
    "version" "3.0.0"
    dependencies:
      "lowercase-keys" "^3.0.0"
  
  "rimraf@^2.6.1":
    "integrity" "sha512-uWjbaKIK3T1OSVptzX7Nl6PvQ3qAGtKEtVRjRuazjfL3Bx5eI409VZSqgND+4UNnmzLVdPj9FqFJNPqBZFve4w=="
    "resolved" "https://registry.npmjs.org/rimraf/-/rimraf-2.7.1.tgz"
    "version" "2.7.1"
    dependencies:
      "glob" "^7.1.3"
  
  "rimraf@^3.0.2":
    "integrity" "sha512-JZkJMZkAGFFPP2YqXZXPbMlMBgsxzE8ILs4lMIX/2o0L9UBw9O/Y3o6wFw/i9YLapcUJWwqbi3kdxIPdC62TIA=="
    "resolved" "https://registry.npmjs.org/rimraf/-/rimraf-3.0.2.tgz"
    "version" "3.0.2"
    dependencies:
      "glob" "^7.1.3"
  
  "safe-buffer@~5.1.0", "safe-buffer@~5.1.1":
    "integrity" "sha512-Gd2UZBJDkXlY7GbJxfsE8/nvKkUEU1G38c1siN6QP6a9PT9MmHB8GnpscSmMJSoF8LOIrt8ud/wPtojys4G6+g=="
    "resolved" "https://registry.npmjs.org/safe-buffer/-/safe-buffer-5.1.2.tgz"
    "version" "5.1.2"
  
  "shallow-clone@^0.1.2":
    "integrity" "sha512-J1zdXCky5GmNnuauESROVu31MQSnLoYvlyEn6j2Ztk6Q5EHFIhxkMhYcv6vuDzl2XEzoRr856QwzMgWM/TmZgw=="
    "resolved" "https://registry.npmjs.org/shallow-clone/-/shallow-clone-0.1.2.tgz"
    "version" "0.1.2"
    dependencies:
      "is-extendable" "^0.1.1"
      "kind-of" "^2.0.1"
      "lazy-cache" "^0.2.3"
      "mixin-object" "^2.0.1"
  
  "shelljs@^0.8.5":
    "integrity" "sha512-TiwcRcrkhHvbrZbnRcFYMLl30Dfov3HKqzp5tO5b4pt6G/SezKcYhmDg15zXVBswHmctSAQKznqNW2LO5tTDow=="
    "resolved" "https://registry.npmjs.org/shelljs/-/shelljs-0.8.5.tgz"
    "version" "0.8.5"
    dependencies:
      "glob" "^7.0.0"
      "interpret" "^1.0.0"
      "rechoir" "^0.6.2"
  
  "smart-array-filter@^4.0.0":
    "integrity" "sha512-pAU9bDDanXvtF9D/dcWwIZn+yOg26AyD5jhFDECPs+vNZolaz6xRrHVJzCXqEtmY9woeGcS//+D9ot417PXxsQ=="
    "resolved" "https://registry.npmjs.org/smart-array-filter/-/smart-array-filter-4.0.0.tgz"
    "version" "4.0.0"
    dependencies:
      "lodash.escaperegexp" "^4.1.2"
  
  "string_decoder@~1.1.1":
    "integrity" "sha512-n/ShnvDi6FHbbVfviro+WojiFzv+s8MPMHBczVePfUpDJLwoLT0ht1l4YwBCbi8pJAveEEdnkHyPyTP/mzRfwg=="
    "resolved" "https://registry.npmjs.org/string_decoder/-/string_decoder-1.1.1.tgz"
    "version" "1.1.1"
    dependencies:
      "safe-buffer" "~5.1.0"
  
  "strip-bom@^2.0.0":
    "integrity" "sha512-kwrX1y7czp1E69n2ajbG65mIo9dqvJ+8aBQXOGVxqwvNbsXdFM6Lq37dLAY3mknUwru8CfcCbfOLL/gMo+fi3g=="
    "resolved" "https://registry.npmjs.org/strip-bom/-/strip-bom-2.0.0.tgz"
    "version" "2.0.0"
    dependencies:
      "is-utf8" "^0.2.0"
  
  "supports-preserve-symlinks-flag@^1.0.0":
    "integrity" "sha512-ot0WnXS9fgdkgIcePe6RHNk1WA8+muPa6cSjeR3V8K27q9BB1rTE3R1p7Hv0z1ZyAc8s6Vvv8DIyWf681MAt0w=="
    "resolved" "https://registry.npmjs.org/supports-preserve-symlinks-flag/-/supports-preserve-symlinks-flag-1.0.0.tgz"
    "version" "1.0.0"
  
  "typedarray@^0.0.6":
    "integrity" "sha512-/aCDEGatGvZ2BIk+HmLf4ifCJFwvKFNb9/JeZPMulfgFracn9QFcAf5GO8B/mweUjSoblS5In0cWhqpfs/5PQA=="
    "resolved" "https://registry.npmjs.org/typedarray/-/typedarray-0.0.6.tgz"
    "version" "0.0.6"
  
  "universalify@^2.0.0":
    "integrity" "sha512-hAZsKq7Yy11Zu1DE0OzWjw7nnLZmJZYTDZZyEFHZdUhV8FkH5MCfoU1XMaxXovpyW5nq5scPqq0ZDP9Zyl04oQ=="
    "resolved" "https://registry.npmjs.org/universalify/-/universalify-2.0.0.tgz"
    "version" "2.0.0"
  
  "util-deprecate@~1.0.1":
    "integrity" "sha512-EPD5q1uXyFxJpCrLnCc1nHnq3gOa6DZBocAIiI2TaSCA7VCJ1UJDMagCzIkXNsUYfD1daK//LTEQ8xiIbrHtcw=="
    "resolved" "https://registry.npmjs.org/util-deprecate/-/util-deprecate-1.0.2.tgz"
    "version" "1.0.2"
  
  "wrappy@1":
    "integrity" "sha512-l4Sp/DRseor9wL6EvV2+TuQn63dMkPjZ/sp9XkghTEbV9KlPS1xUsZ3u7/IQO4wxtcFB4bgpQPRcR3QCvezPcQ=="
    "resolved" "https://registry.npmjs.org/wrappy/-/wrappy-1.0.2.tgz"
    "version" "1.0.2"
  
  "ws@^6.1.0":
    "integrity" "sha512-zmhltoSR8u1cnDsD43TX59mzoMZsLKqUweyYBAIvTngR3shc0W6aOZylZmq/7hqyVxPdi+5Ud2QInblgyE72fw=="
    "resolved" "https://registry.npmjs.org/ws/-/ws-6.2.2.tgz"
    "version" "6.2.2"
    dependencies:
      "async-limiter" "~1.0.0"
  
  "yauzl@^2.10.0":
    "integrity" "sha512-p4a9I6X6nu6IhoGmBqAcbJy1mlC4j27vEPZX9F4L4/vZT3Lyq1VkFHw/V/PUcB9Buo+DG3iHkT0x3Qya58zc3g=="
    "resolved" "https://registry.npmjs.org/yauzl/-/yauzl-2.10.0.tgz"
    "version" "2.10.0"
    dependencies:
      "buffer-crc32" "~0.2.3"
      "fd-slicer" "~1.1.0"
